[debug] [2018-03-03T07:14:07.814Z] ----------------------------------------------------------------------
[debug] [2018-03-03T07:14:07.817Z] Command:       /usr/local/bin/node /usr/local/bin/firebase deploy --only hosting
[debug] [2018-03-03T07:14:07.817Z] CLI Version:   3.11.0
[debug] [2018-03-03T07:14:07.817Z] Platform:      darwin
[debug] [2018-03-03T07:14:07.817Z] Node Version:  v6.11.3
[debug] [2018-03-03T07:14:07.818Z] Time:          Sat Mar 03 2018 12:44:07 GMT+0530 (IST)
[debug] [2018-03-03T07:14:07.818Z] ----------------------------------------------------------------------
[debug] 
[debug] [2018-03-03T07:14:07.843Z] > command requires scopes: ["email","openid","https://www.googleapis.com/auth/cloudplatformprojects.readonly","https://www.googleapis.com/auth/firebase","https://www.googleapis.com/auth/cloud-platform"]
[debug] [2018-03-03T07:14:07.844Z] > authorizing via signed-in user
[debug] [2018-03-03T07:14:07.846Z] > refreshing access token with scopes: ["email","https://www.googleapis.com/auth/cloud-platform","https://www.googleapis.com/auth/cloudplatformprojects.readonly","https://www.googleapis.com/auth/firebase","openid"]
[debug] [2018-03-03T07:14:07.846Z] >>> HTTP REQUEST POST https://www.googleapis.com/oauth2/v3/token { refresh_token: '1/V5tuTu4awkPVHnZML-kooYxchWjgfOojuaeH6RBpY1Y',
  client_id: '563584335869-fgrhgmd47bqnekij5i8b5pr03ho849e6.apps.googleusercontent.com',
  client_secret: 'j9iVZfS8kkCEFUPaAeJV0sAi',
  grant_type: 'refresh_token',
  scope: 'email https://www.googleapis.com/auth/cloud-platform https://www.googleapis.com/auth/cloudplatformprojects.readonly https://www.googleapis.com/auth/firebase openid' } 
 Sat Mar 03 2018 12:44:07 GMT+0530 (IST)
[debug] [2018-03-03T07:14:08.303Z] <<< HTTP RESPONSE 200
[debug] [2018-03-03T07:14:08.319Z] >>> HTTP REQUEST GET https://admin.firebase.com/v1/projects/kultuser  
 Sat Mar 03 2018 12:44:08 GMT+0530 (IST)
[debug] [2018-03-03T07:14:10.139Z] <<< HTTP RESPONSE 200
[debug] [2018-03-03T07:14:10.141Z] >>> HTTP REQUEST GET https://admin.firebase.com/v1/database/kultuser/tokens  
 Sat Mar 03 2018 12:44:10 GMT+0530 (IST)
[debug] [2018-03-03T07:14:11.493Z] <<< HTTP RESPONSE 200
[info] 
[info] === Deploying to 'kultuser'...
[info] 
[info] i  deploying hosting
[info] i  hosting: preparing dist directory for upload...
[debug] [2018-03-03T07:14:15.562Z] >>> HTTP REQUEST PUT https://deploy.firebase.com/v1/hosting/kultuser/uploads/-L6ehVOr6Zlpy9YAg7Sx?fileCount=328&message=  
 Sat Mar 03 2018 12:44:15 GMT+0530 (IST)
